0	1	mikroCPIC1618.exe -MSF -DBG -pP18F4520 -DL -O11111114 -fo8 -N"C:\Users\ku170228d\Desktop\urv_mikroC\Kostur\KosturPRO.mcppi" -SP"C:\Users\Public\Documents\Mikroelektronika\mikroC PRO for PIC 6.62\Defs\" -SP"C:\Users\Public\Documents\Mikroelektronika\mikroC PRO for PIC 6.62\uses\P18\" -SP"C:\Users\ku170228d\Desktop\urv_mikroC\Kostur\" -SP"C:\Users\bb170011d\Desktop\Easy PIC 4\Kostur\" -IP"C:\Users\bb170011d\Desktop\Easy PIC 4\Kostur\" -IP"C:\Users\ku170228d\Desktop\urv_mikroC\Kostur\" "KosturPRO.c" "buttons.c" "lcd.c" "pid_regulation.c" "__Lib_Math.mcl" "__Lib_MathDouble.mcl" "__Lib_System.mcl" "__Lib_Delays.mcl" "__Lib_CType.mcl" "__Lib_CString.mcl" "__Lib_CStdlib.mcl" "__Lib_CMath.mcl" "__Lib_Conversions.mcl" "__Lib_Sprintf.mcl" "__Lib_PrintOut.mcl" "__Lib_Sprinti.mcl" "__Lib_Sprintl.mcl" "__Lib_Time.mcl" "__Lib_Trigonometry.mcl" "__Lib_Button.mcl" "__Lib_Keypad4x4.mcl" "__Lib_Manchester.mcl" "__Lib_OneWire.mcl" "__Lib_PS2.mcl" "__Lib_Sound.mcl" "__Lib_SoftI2C.mcl" "__Lib_SoftSPI.mcl" "__Lib_SoftUART.mcl" "__Lib_ADC_A_D.mcl" "__Lib_EEPROM_256.mcl" "__Lib_FLASH_w32_e64.mcl" "__Lib_I2C_c34.mcl" "__Lib_PWM_c21.mcl" "__Lib_SPI_c345.mcl" "__Lib_UART_c67.mcl" "__Lib_PortExpander.mcl" "__Lib_CANSPI.mcl" "__Lib_CF.mcl" "__Lib_CFFat16.mcl" "__Lib_GlcdFonts.mcl" "__Lib_Glcd.mcl" "__Lib_LcdConsts.mcl" "__Lib_Lcd.mcl" "__Lib_Mmc.mcl" "__Lib_MmcFat16.mcl" "__Lib_RS485.mcl" "__Lib_S1D13700.mcl" "__Lib_T6963C.mcl" "__Lib_SPIGlcd.mcl" "__Lib_SPILcd.mcl" "__Lib_SPILcd8.mcl" "__Lib_SPIT6963C.mcl" "__Lib_EthEnc28j60.mcl" "__Lib_TFT.mcl" "__Lib_TouchPanel_TFT.mcl" "__Lib_EthEnc24j600.mcl" "__Lib_TouchPanel.mcl"	 
warning: 0	1501	Specified search path does not exist: 'C:\Users\bb170011d\Desktop\Easy PIC 4\Kostur'	 
warning: 0	1502	Specified include path does not exist: 'C:\Users\bb170011d\Desktop\Easy PIC 4\Kostur'	 
hint: 0	1139	Available RAM: 1515 [bytes], Available ROM: 32768 [bytes]	 
diagnostics: 0	122	Compilation Started	buttons.h
diagnostics: 171	123	Compiled Successfully	KosturPRO.c
hint: 63	1164	Variable 'temp' has been eliminated by optimizer	KosturPRO.c
diagnostics: 0	122	Compilation Started	lcd.h
diagnostics: 101	123	Compiled Successfully	buttons.c
diagnostics: 0	122	Compilation Started	lcd.c
diagnostics: 61	123	Compiled Successfully	lcd.c
diagnostics: 0	122	Compilation Started	pid_regulation.c
diagnostics: 97	123	Compiled Successfully	pid_regulation.c
diagnostics: 0	127	All files Compiled in 4984 ms	 
hint: 0	1144	Used RAM (bytes): 137 (9%)  Free RAM (bytes): 1378 (91%)	Used RAM (bytes): 137 (9%)  Free RAM (bytes): 1378 (91%)
hint: 0	1144	Used ROM (bytes): 7184 (22%)  Free ROM (bytes): 25584 (78%)	Used ROM (bytes): 7184 (22%)  Free ROM (bytes): 25584 (78%)
diagnostics: 0	125	Project Linked Successfully	KosturPRO.mcppi
diagnostics: 0	128	Linked in 109 ms	 
diagnostics: 0	129	Project 'KosturPRO.mcppi' completed: 5140 ms	 
diagnostics: 0	103	Finished successfully: 29 May 2020, 11:44:08	KosturPRO.mcppi
